<?xml version="1.0" encoding="UTF-8"?>
<!-- Generated by org.testng.reporters.JUnitReportReporter -->
<testsuite hostname="DESKTOP-5GJLUVG" failures="0" tests="1" name="rahulshettyacademy.GitPractise.GitPractise" time="0.028" errors="0" timestamp="2024-05-10T11:52:52 IST" skipped="0">
  <testcase classname="rahulshettyacademy.GitPractise.GitPractise" name="hello" time="0.028"/>
</testsuite> <!-- rahulshettyacademy.GitPractise.GitPractise -->
